<?xml version="1.0" encoding="UTF-8"?>
<!-- Generated by org.testng.reporters.JUnitReportReporter -->
<testsuite hostname="AV-LADINV" failures="0" tests="2" name="keys.KeysTest" time="0.894" errors="0" timestamp="2020-02-13T10:43:41 EET" skipped="0">
  <testcase classname="keys.KeysTest" name="testBackspace" time="0.450"/>
  <system-out/>
  <testcase classname="keys.KeysTest" name="testPi" time="0.444"/>
  <system-out/>
</testsuite> <!-- keys.KeysTest -->
