<?xml version="1.0" encoding="UTF-8"?>
<!-- Generated by org.testng.reporters.JUnitReportReporter -->
<testsuite hostname="AV-LADINV" failures="0" tests="2" name="javascript.JavaScriptTest" time="2.743" errors="0" timestamp="2020-02-13T11:17:32 EET" skipped="0">
  <testcase classname="javascript.JavaScriptTest" name="testScrollToTable" time="1.617"/>
  <system-out/>
  <testcase classname="javascript.JavaScriptTest" name="testScrollToFifthParagraph" time="1.126"/>
  <system-out/>
</testsuite> <!-- javascript.JavaScriptTest -->
