<?xml version="1.0" encoding="UTF-8"?>
<!-- Generated by org.testng.reporters.JUnitReportReporter -->
<testsuite hostname="AV-LADINV" failures="0" tests="1" name="context.ContextTest" time="0.532" errors="0" timestamp="2020-02-13T15:20:02 EET" skipped="0">
  <testcase classname="context.ContextTest" name="contextMenuTest" time="0.532"/>
  <system-out/>
</testsuite> <!-- context.ContextTest -->
