<?xml version="1.0" encoding="UTF-8"?>
<!-- Generated by org.testng.reporters.JUnitReportReporter -->
<testsuite hostname="AV-LADINV" failures="0" tests="1" name="dropdown.DropdownTest" time="0.527" errors="0" timestamp="2020-02-13T11:17:32 EET" skipped="0">
  <testcase classname="dropdown.DropdownTest" name="testSelectOption" time="0.527"/>
  <system-out/>
</testsuite> <!-- dropdown.DropdownTest -->
