<?xml version="1.0" encoding="UTF-8"?>
<!-- Generated by org.testng.reporters.JUnitReportReporter -->
<testsuite hostname="AV-LADINV" failures="0" tests="1" name="dropdown.DropdownTest" time="0.534" errors="0" timestamp="2020-02-13T15:20:02 EET" skipped="0">
  <testcase classname="dropdown.DropdownTest" name="testSelectOption" time="0.534"/>
  <system-out/>
</testsuite> <!-- dropdown.DropdownTest -->
