<?xml version="1.0" encoding="UTF-8"?>
<!-- Generated by org.testng.reporters.JUnitReportReporter -->
<testsuite hostname="AV-LADINV" failures="0" tests="1" name="alerts.FileUploadTest" time="15.921" errors="0" timestamp="2020-02-13T10:43:41 EET" skipped="0">
  <testcase classname="alerts.FileUploadTest" name="testFileUpload" time="15.921"/>
  <system-out/>
</testsuite> <!-- alerts.FileUploadTest -->
