<?xml version="1.0" encoding="UTF-8"?>
<!-- Generated by org.testng.reporters.JUnitReportReporter -->
<testsuite hostname="AV-LADINV" failures="0" tests="2" name="navigation.NavigationTest" time="2.311" errors="0" timestamp="2020-02-13T15:20:02 EET" skipped="0">
  <testcase classname="navigation.NavigationTest" name="switchTabTest" time="0.591"/>
  <system-out/>
  <testcase classname="navigation.NavigationTest" name="testNavigator" time="1.720"/>
  <system-out/>
</testsuite> <!-- navigation.NavigationTest -->
