<?xml version="1.0" encoding="UTF-8"?>
<!-- Generated by org.testng.reporters.JUnitReportReporter -->
<testsuite hostname="AV-LADINV" failures="0" tests="2" name="navigation.NavigationTest" time="2.154" errors="0" timestamp="2020-02-13T11:17:32 EET" skipped="0">
  <testcase classname="navigation.NavigationTest" name="switchTabTest" time="0.592"/>
  <system-out/>
  <testcase classname="navigation.NavigationTest" name="testNavigator" time="1.562"/>
  <system-out/>
</testsuite> <!-- navigation.NavigationTest -->
