<?xml version="1.0" encoding="UTF-8"?>
<!-- Generated by org.testng.reporters.JUnitReportReporter -->
<testsuite hostname="AV-LADINV" failures="0" tests="3" name="alerts.AlertTest" time="1.409" errors="0" timestamp="2020-02-13T15:20:02 EET" skipped="0">
  <testcase classname="alerts.AlertTest" name="testGetTextFromAlert" time="0.447"/>
  <system-out/>
  <testcase classname="alerts.AlertTest" name="testSetInputInAlert" time="0.463"/>
  <system-out/>
  <testcase classname="alerts.AlertTest" name="testAcceptAlert" time="0.499"/>
  <system-out/>
</testsuite> <!-- alerts.AlertTest -->
