<?xml version="1.0" encoding="UTF-8"?>
<!-- Generated by org.testng.reporters.JUnitReportReporter -->
<testsuite hostname="AV-LADINV" failures="0" tests="1" name="hover.HoverTest" time="0.748" errors="0" timestamp="2020-02-13T15:20:02 EET" skipped="0">
  <testcase classname="hover.HoverTest" name="testHoverUser1" time="0.748"/>
  <system-out/>
</testsuite> <!-- hover.HoverTest -->
