<?xml version="1.0" encoding="UTF-8"?>
<!-- Generated by org.testng.reporters.JUnitReportReporter -->
<testsuite hostname="AV-LADINV" failures="0" tests="3" name="alerts.AlertTest" time="1.408" errors="0" timestamp="2020-02-13T10:43:41 EET" skipped="0">
  <testcase classname="alerts.AlertTest" name="testSetInputInAlert" time="0.481"/>
  <system-out/>
  <testcase classname="alerts.AlertTest" name="testAcceptAlert" time="0.489"/>
  <system-out/>
  <testcase classname="alerts.AlertTest" name="testGetTextFromAlert" time="0.438"/>
  <system-out/>
</testsuite> <!-- alerts.AlertTest -->
