<?xml version="1.0" encoding="UTF-8"?>
<!-- Generated by org.testng.reporters.JUnitReportReporter -->
<testsuite hostname="AV-LADINV" failures="0" tests="1" name="wait.WaitTest" time="5.825" errors="0" timestamp="2020-02-13T15:20:02 EET" skipped="0">
  <testcase classname="wait.WaitTest" name="testWaitUntilHidden" time="5.825"/>
  <system-out/>
</testsuite> <!-- wait.WaitTest -->
