<?xml version="1.0" encoding="UTF-8"?>
<!-- Generated by org.testng.reporters.JUnitReportReporter -->
<testsuite hostname="AV-LADINV" failures="0" tests="2" name="keys.KeysTest" time="0.863" errors="0" timestamp="2020-02-13T15:20:02 EET" skipped="0">
  <testcase classname="keys.KeysTest" name="testPi" time="0.402"/>
  <system-out/>
  <testcase classname="keys.KeysTest" name="testBackspace" time="0.461"/>
  <system-out/>
</testsuite> <!-- keys.KeysTest -->
