<?xml version="1.0" encoding="UTF-8"?>
<!-- Generated by org.testng.reporters.JUnitReportReporter -->
<testsuite hostname="AV-LADINV" failures="0" tests="1" name="frames.FrameTest" time="1.142" errors="0" timestamp="2020-02-13T11:17:32 EET" skipped="0">
  <testcase classname="frames.FrameTest" name="testWysiwyg" time="1.142"/>
  <system-out/>
</testsuite> <!-- frames.FrameTest -->
