<?xml version="1.0" encoding="UTF-8"?>
<!-- Generated by org.testng.reporters.JUnitReportReporter -->
<testsuite hostname="AV-LADINV" failures="0" tests="1" name="login.LoginTest" time="1.330" errors="0" timestamp="2020-02-13T11:17:32 EET" skipped="0">
  <testcase classname="login.LoginTest" name="testSuccessfulLogin" time="1.330"/>
  <system-out/>
</testsuite> <!-- login.LoginTest -->
